<?xml version="1.0" encoding="utf-8"?><testsuites name="pytest tests"><testsuite name="pytest" errors="0" failures="0" skipped="0" tests="5" time="25.677" timestamp="2026-09-11T00:56:59.227067+00:00" hostname="agent-env-c6a21163-d7f9-422a-a342-251a2981c26e"><testcase classname="tests.test_ticker_converse.TestConverseErrors" name="test_missing_text_and_audio_400" time="1.775" /><testcase classname="tests.test_ticker_converse.TestConverseNHL_BOS" name="test_bos_conversation_grounded" time="10.730" /><testcase classname="tests.test_ticker_converse.TestConverseErrors" name="test_unknown_team_404" time="0.904" /><testcase classname="tests.test_ticker_converse.TestConverseWHL_REG" name="test_reg_conversation_grounded_no_players" time="7.715" /><testcase classname="tests.test_ticker_converse.TestConverseFollowFlow" name="test_bos_follow_pastrnak_flow" time="14.630" /></testsuite></testsuites>