<?xml version="1.0" encoding="utf-8"?><testsuites name="pytest tests"><testsuite name="pytest" errors="0" failures="0" skipped="0" tests="10" time="2.278" timestamp="2026-09-11T04:24:48.575934+00:00" hostname="agent-env-c6a21163-d7f9-422a-a342-251a2981c26e"><testcase classname="tests.test_team_nav.TestNHLVegas" name="test_vgk_returns_ok_and_core_shape" time="0.456" /><testcase classname="tests.test_team_nav.TestWHLPrinceGeorge" name="test_pg_returns_ok_and_core_shape" time="1.381" /><testcase classname="tests.test_team_nav.TestNHLVegas" name="test_vgk_record_gp_present" time="0.255" /><testcase classname="tests.test_team_nav.TestNHLVegas" name="test_vgk_division_teams_eight" time="0.270" /><testcase classname="tests.test_team_nav.TestLeagueHubBacking" name="test_whl_standings_ok" time="0.118" /><testcase classname="tests.test_team_nav.TestLeagueHubBacking" name="test_league_generic_standings_whl" time="0.317" /><testcase classname="tests.test_team_nav.TestWHLPrinceGeorge" name="test_pg_record_gp_present" time="0.168" /><testcase classname="tests.test_team_nav.TestWHLPrinceGeorge" name="test_pg_division_teams_contains_kam_and_pg" time="0.154" /><testcase classname="tests.test_team_nav.TestWHLPrinceGeorge" name="test_pg_division_team_fields" time="0.139" /><testcase classname="tests.test_team_nav.TestWHLPrinceGeorge" name="test_pg_scorers_have_gp" time="0.120" /></testsuite></testsuites>