<?xml version="1.0" encoding="utf-8"?><testsuites name="pytest tests"><testsuite name="pytest" errors="0" failures="0" skipped="0" tests="10" time="2.397" timestamp="2026-09-15T02:09:44.149505+00:00" hostname="agent-env-346a44f5-4158-408f-bc58-cb6ed9001fbb"><testcase classname="tests.test_explore_world.TestExploreWorldShape" name="test_enabled_and_totals_keys" time="0.812" /><testcase classname="tests.test_explore_world.TestExploreWorldShape" name="test_totals_values" time="0.001" /><testcase classname="tests.test_explore_world.TestExploreWorldShape" name="test_top_level_arrays" time="0.000" /><testcase classname="tests.test_explore_world.TestRegressions" name="test_reels_nhl_returns_collections" time="0.638" /><testcase classname="tests.test_explore_world.TestFeaturedCountries" name="test_canada_available" time="0.818" /><testcase classname="tests.test_explore_world.TestFeaturedCountries" name="test_usa_available" time="0.000" /><testcase classname="tests.test_explore_world.TestFeaturedCountries" name="test_available_codes_and_shape" time="0.001" /><testcase classname="tests.test_explore_world.TestInternationalComingSoon" name="test_expected_intl_leagues_coming_soon" time="0.001" /><testcase classname="tests.test_explore_world.TestRegressions" name="test_search_montreal_returns_canadiens" time="0.325" /><testcase classname="tests.test_explore_world.TestRegressions" name="test_nhl_standings_ok" time="0.307" /></testsuite></testsuites>