<?xml version="1.0" encoding="utf-8"?><testsuites name="pytest tests"><testsuite name="pytest" errors="0" failures="0" skipped="0" tests="9" time="1.814" timestamp="2026-09-15T03:26:03.714225+00:00" hostname="agent-env-346a44f5-4158-408f-bc58-cb6ed9001fbb"><testcase classname="tests.test_explore_node" name="test_canada_root_chooser" time="0.982" /><testcase classname="tests.test_explore_node" name="test_canada_level_split" time="0.064" /><testcase classname="tests.test_explore_node" name="test_canada_major_junior_has_three_available" time="0.068" /><testcase classname="tests.test_explore_node" name="test_canada_pro_nhl_available_pwhl_soon" time="0.063" /><testcase classname="tests.test_explore_node" name="test_canada_by_league_browse_has_three_available" time="0.068" /><testcase classname="tests.test_explore_node" name="test_sweden_different_tree" time="0.070" /><testcase classname="tests.test_explore_node" name="test_finland_fallback_browse" time="0.064" /><testcase classname="tests.test_explore_node" name="test_bogus_deep_path_404" time="0.066" /><testcase classname="tests.test_explore_node" name="test_explore_world_shape" time="0.065" /></testsuite></testsuites>