<?xml version="1.0" encoding="utf-8"?><testsuites name="pytest tests"><testsuite name="pytest" errors="0" failures="2" skipped="0" tests="19" time="10.485" timestamp="2026-09-11T22:34:10.948077+00:00" hostname="agent-env-c6a21163-d7f9-422a-a342-251a2981c26e"><testcase classname="tests.test_ncaa_multi_league.TestSearch" name="test_ncaa_team_search[Denver-DEN]" time="2.224" /><testcase classname="tests.test_ncaa_multi_league.TestNCAAStructure" name="test_ncaa_standings" time="1.166" /><testcase classname="tests.test_ncaa_multi_league.TestNCAAStructure" name="test_ncaa_team_denver" time="0.762" /><testcase classname="tests.test_ncaa_multi_league.TestNCAAStructure" name="test_ncaa_scoreboard" time="0.082" /><testcase classname="tests.test_ncaa_multi_league.TestNCAAStructure" name="test_ncaa_game_by_id" time="0.460" /><testcase classname="tests.test_ncaa_multi_league.TestSearch" name="test_ncaa_team_search[Michigan-MICH]" time="0.786" /><testcase classname="tests.test_ncaa_multi_league.TestNCAAStructure" name="test_ncaa_player_ep" time="0.081" /><testcase classname="tests.test_ncaa_multi_league.TestNoRegressions" name="test_team_pages_still_ok[/api/league/whl/team/KAM]" time="1.117" /><testcase classname="tests.test_ncaa_multi_league.TestSearch" name="test_ncaa_team_search[Minnesota-MINN]" time="0.756" /><testcase classname="tests.test_ncaa_multi_league.TestNoRegressions" name="test_team_pages_still_ok[/api/league/ohl/team/BAR]" time="1.129" /><testcase classname="tests.test_ncaa_multi_league.TestSearch" name="test_ncaa_team_search[Boston University-BU]" time="1.538" /><testcase classname="tests.test_ncaa_multi_league.TestNoRegressions" name="test_team_pages_still_ok[/api/league/qmjhl/team/Hal]" time="0.385"><failure message="AssertionError: /api/league/qmjhl/team/Hal broken: &lt;!DOCTYPE html&gt;&#10;  &lt;!--[if lt IE 7]&gt; &lt;html class=&quot;no-js ie6 oldie&quot; lang=&quot;en-US&quot;&gt; &lt;![endif]--&gt;&#10;  &lt;!--[if IE 7]&gt;    &lt;html class=&quot;no-js ie7 oldie&quot; lang=&quot;en-US&quot;&gt; &lt;![endif]--&gt;&#10;  &lt;!--[if IE 8]&gt;    &lt;html class=&quot;no-js ie8 oldie&quot; lang=&quot;en-US&quot;&gt; &lt;![endif]--&gt;&#10;  &lt;!--[if gt IE 8]&gt;&lt;!--&gt; &lt;html class=&quot;no-js&quot; lang=&quot;en-US&quot;&gt; &lt;!--&lt;![endif]--&gt;&#10;  &lt;head&gt;&#10;  &#10;  &lt;title&gt;preview.emergentagent.com | 502: Bad gateway&lt;/title&gt;&#10;  &lt;meta charset=&quot;UT&#10;assert 502 == 200&#10; +  where 502 = &lt;Response [502]&gt;.status_code">E   AssertionError: /api/league/qmjhl/team/Hal broken: &lt;!DOCTYPE html&gt;
      &lt;!--[if lt IE 7]&gt; &lt;html class="no-js ie6 oldie" lang="en-US"&gt; &lt;![endif]--&gt;
      &lt;!--[if IE 7]&gt;    &lt;html class="no-js ie7 oldie" lang="en-US"&gt; &lt;![endif]--&gt;
      &lt;!--[if IE 8]&gt;    &lt;html class="no-js ie8 oldie" lang="en-US"&gt; &lt;![endif]--&gt;
      &lt;!--[if gt IE 8]&gt;&lt;!--&gt; &lt;html class="no-js" lang="en-US"&gt; &lt;!--&lt;![endif]--&gt;
      &lt;head&gt;
      
      &lt;title&gt;preview.emergentagent.com | 502: Bad gateway&lt;/title&gt;
      &lt;meta charset="UT
    assert 502 == 200
     +  where 502 = &lt;Response [502]&gt;.status_code</failure></testcase><testcase classname="tests.test_ncaa_multi_league.TestNoRegressions" name="test_team_pages_still_ok[/api/nhl/team/MTL]" time="0.406" /><testcase classname="tests.test_ncaa_multi_league.TestSearch" name="test_barrie_returns_ohl" time="1.184" /><testcase classname="tests.test_ncaa_multi_league.TestPersonalization" name="test_home_segment_mixed_board" time="0.569" /><testcase classname="tests.test_ncaa_multi_league.TestPersonalization" name="test_home_show_mixed_board" time="2.205"><failure message="AssertionError: leagues missing from stories (NHL-hardcoding regression?): {'qmjhl'}. Saw: {'ncaa', 'ohl', 'nhl', 'whl'}&#10;assert not {'qmjhl'}">E   AssertionError: leagues missing from stories (NHL-hardcoding regression?): {'qmjhl'}. Saw: {'ncaa', 'ohl', 'nhl', 'whl'}
    assert not {'qmjhl'}</failure></testcase><testcase classname="tests.test_ncaa_multi_league.TestSearch" name="test_halifax_returns_qmjhl" time="2.519" /><testcase classname="tests.test_ncaa_multi_league.TestBridges" name="test_ncaa_bridges" time="0.072" /><testcase classname="tests.test_ncaa_multi_league.TestSearch" name="test_celebrini_returns_ep_player" time="1.156" /></testsuite></testsuites>