<?xml version="1.0" encoding="utf-8"?><testsuites name="pytest tests"><testsuite name="pytest" errors="0" failures="0" skipped="0" tests="17" time="9.567" timestamp="2026-09-10T23:31:46.092946+00:00" hostname="agent-env-c6a21163-d7f9-422a-a342-251a2981c26e"><testcase classname="tests.test_ticker_stats_surface.TestOtherSurfacesRegression" name="test_home_ready" time="3.592" /><testcase classname="tests.test_ticker_stats_surface.TestNoCompactScoreFragmentsInLeagueDesks" name="test_no_score_shaped_fragment[stats-nhl]" time="1.574" /><testcase classname="tests.test_ticker_stats_surface.TestNoCompactScoreFragmentsInLeagueDesks" name="test_no_score_shaped_fragment[stats-whl]" time="0.921" /><testcase classname="tests.test_ticker_stats_surface.TestNoCompactScoreFragmentsInLeagueDesks" name="test_no_score_shaped_fragment[next-nhl]" time="0.216" /><testcase classname="tests.test_ticker_stats_surface.TestNoCompactScoreFragmentsInLeagueDesks" name="test_no_score_shaped_fragment[next-whl]" time="0.523" /><testcase classname="tests.test_ticker_stats_surface.TestNoCompactScoreFragmentsInLeagueDesks" name="test_no_score_shaped_fragment[home-nhl]" time="0.705" /><testcase classname="tests.test_ticker_stats_surface.TestOtherSurfacesRegression" name="test_recap_ready[nhl]" time="1.613" /><testcase classname="tests.test_ticker_stats_surface.TestTickerStatsNHL" name="test_stats_nhl_ready" time="0.548" /><testcase classname="tests.test_ticker_stats_surface.TestTickerStatsNHL" name="test_stats_nhl_grounded_in_real_data" time="2.250" /><testcase classname="tests.test_ticker_stats_surface.TestOtherSurfacesRegression" name="test_recap_ready[whl]" time="0.497" /><testcase classname="tests.test_ticker_stats_surface.TestOtherSurfacesRegression" name="test_next_ready[nhl]" time="0.273" /><testcase classname="tests.test_ticker_stats_surface.TestOtherSurfacesRegression" name="test_next_ready[whl]" time="0.250" /><testcase classname="tests.test_ticker_stats_surface.TestStatsCacheReuse" name="test_stats_desk_cached" time="1.089" /><testcase classname="tests.test_ticker_stats_surface.TestTickerStatsNHL" name="test_stats_nhl_no_fabricated_scores" time="0.637" /><testcase classname="tests.test_ticker_stats_surface.TestStatsCacheReuse" name="test_stats_nhl_cached" time="1.167" /><testcase classname="tests.test_ticker_stats_surface.TestTickerStatsWHL" name="test_stats_whl_ready" time="0.555" /><testcase classname="tests.test_ticker_stats_surface.TestTickerStatsWHL" name="test_stats_whl_grounded" time="1.322" /></testsuite></testsuites>