<?xml version="1.0" encoding="utf-8"?><testsuites name="pytest tests"><testsuite name="pytest" errors="0" failures="0" skipped="0" tests="5" time="1.926" timestamp="2026-09-11T03:56:41.511272+00:00" hostname="agent-env-c6a21163-d7f9-422a-a342-251a2981c26e"><testcase classname="tests.test_highlightly.TestMatchHighlights" name="test_cup_final_game6_recap" time="0.607" /><testcase classname="tests.test_highlightly.TestHighlightsFeed" name="test_nhl_feed_shape" time="0.586" /><testcase classname="tests.test_highlightly.TestHighlightsFeed" name="test_ahl_feed_returns_real_clips" time="0.972" /><testcase classname="tests.test_highlightly.TestMatchHighlights" name="test_nonsense_teams_graceful" time="0.067" /><testcase classname="tests.test_highlightly.TestLeaguesCapabilities" name="test_leagues_video_capabilities" time="0.063" /></testsuite></testsuites>