<?xml version="1.0" encoding="utf-8"?><testsuites name="pytest tests"><testsuite name="pytest" errors="0" failures="0" skipped="0" tests="17" time="4.485" timestamp="2026-09-14T20:59:44.311049+00:00" hostname="agent-env-346a44f5-4158-408f-bc58-cb6ed9001fbb"><testcase classname="tests.test_entity_search" name="test_top_result[montreal-&lt;lambda&gt;]" time="0.522" /><testcase classname="tests.test_entity_search" name="test_top_result[habs-&lt;lambda&gt;]" time="0.168" /><testcase classname="tests.test_entity_search" name="test_top_result[canadiens-&lt;lambda&gt;]" time="0.182" /><testcase classname="tests.test_entity_search" name="test_top_result[wild-&lt;lambda&gt;]" time="0.173" /><testcase classname="tests.test_entity_search" name="test_top_result[dallas-&lt;lambda&gt;]" time="0.157" /><testcase classname="tests.test_entity_search" name="test_top_result[stars-&lt;lambda&gt;]" time="0.208" /><testcase classname="tests.test_entity_search" name="test_top_result[kamloops-&lt;lambda&gt;]" time="0.177" /><testcase classname="tests.test_entity_search" name="test_top_result[blazers-&lt;lambda&gt;]" time="0.184" /><testcase classname="tests.test_entity_search" name="test_top_result[golden gophers-&lt;lambda&gt;]" time="0.182" /><testcase classname="tests.test_entity_search" name="test_top_result[minnesota gophers-&lt;lambda&gt;]" time="0.140" /><testcase classname="tests.test_entity_search" name="test_minnesota_includes_wild" time="0.151" /><testcase classname="tests.test_entity_search" name="test_kaprizov_player" time="0.179" /><testcase classname="tests.test_entity_search" name="test_whl_league_hub" time="0.136" /><testcase classname="tests.test_entity_search" name="test_warm_performance" time="0.717" /><testcase classname="tests.test_entity_search" name="test_leagues_regression" time="0.064" /><testcase classname="tests.test_entity_search" name="test_nhl_standings_regression" time="0.160" /><testcase classname="tests.test_entity_search" name="test_nhl_team_min_regression" time="0.644" /></testsuite></testsuites>