<?xml version="1.0" encoding="utf-8"?><testsuites name="pytest tests"><testsuite name="pytest" errors="0" failures="0" skipped="0" tests="8" time="11.591" timestamp="2026-09-11T18:58:36.799513+00:00" hostname="agent-env-c6a21163-d7f9-422a-a342-251a2981c26e"><testcase classname="tests.test_home_show.TestHomeShowPersonalized" name="test_personalized_flag_true" time="2.899" /><testcase classname="tests.test_home_show.TestHomeShowPersonalized" name="test_stories_non_empty" time="0.000" /><testcase classname="tests.test_home_show.TestHomeShowPersonalized" name="test_story_shape" time="0.000" /><testcase classname="tests.test_home_show.TestHomeShowPersonalized" name="test_contains_kamloops_and_edmonton" time="0.000" /><testcase classname="tests.test_home_show.TestHomeShowPersonalized" name="test_voices_shape" time="0.000" /><testcase classname="tests.test_home_show.TestHomeShowFallback" name="test_personalized_false" time="11.245" /><testcase classname="tests.test_home_show.TestHomeShowFallback" name="test_fallback_stories_non_empty" time="0.000" /><testcase classname="tests.test_home_show.TestHomeShowFallback" name="test_fallback_story_shape" time="0.000" /></testsuite></testsuites>