<?xml version="1.0" encoding="utf-8"?><testsuites name="pytest tests"><testsuite name="pytest" errors="0" failures="0" skipped="0" tests="18" time="26.934" timestamp="2026-08-10T13:35:17.558454+00:00" hostname="agent-env-c6a21163-d7f9-422a-a342-251a2981c26e"><testcase classname="tests.test_masl_backend.TestTeams" name="test_list" time="0.277" /><testcase classname="tests.test_masl_backend.TestTalk" name="test_empty_message" time="0.335" /><testcase classname="tests.test_masl_backend.TestTeams" name="test_team_detail" time="0.140" /><testcase classname="tests.test_masl_backend.TestTalk" name="test_talk_both_hosts_no_hockey" time="4.957" /><testcase classname="tests.test_masl_backend.TestTeams" name="test_team_404" time="0.165" /><testcase classname="tests.test_masl_backend.TestGames" name="test_games_list" time="0.234" /><testcase classname="tests.test_masl_backend.TestGames" name="test_game_detail" time="0.166" /><testcase classname="tests.test_masl_backend.TestGames" name="test_game_404" time="0.116" /><testcase classname="tests.test_masl_backend.TestPlayer" name="test_player_detail" time="0.174" /><testcase classname="tests.test_masl_backend.TestPlayer" name="test_player_404" time="0.130" /><testcase classname="tests.test_masl_backend.TestHealth" name="test_root" time="0.102" /><testcase classname="tests.test_masl_backend.TestHome" name="test_home_shape" time="0.122" /><testcase classname="tests.test_masl_backend.TestStandings" name="test_standings" time="0.099" /><testcase classname="tests.test_masl_backend.TestLeaders" name="test_leaders" time="0.309" /><testcase classname="tests.test_masl_backend.TestColdOpen" name="test_coldopen" time="0.090" /><testcase classname="tests.test_masl_backend.TestAvailability" name="test_availability" time="0.147" /><testcase classname="tests.test_masl_backend.TestTalk" name="test_talk_history_and_multiturn" time="13.371" /><testcase classname="tests.test_masl_backend.TestTalk" name="test_talk_terminology_awareness" time="7.941" /></testsuite></testsuites>