<?xml version="1.0" encoding="utf-8"?><testsuites name="pytest tests"><testsuite name="pytest" errors="0" failures="0" skipped="0" tests="7" time="16.956" timestamp="2026-09-11T01:41:21.103565+00:00" hostname="agent-env-c6a21163-d7f9-422a-a342-251a2981c26e"><testcase classname="tests.test_ticker_converse.TestConverseErrors" name="test_missing_text_and_audio_400" time="0.589" /><testcase classname="tests.test_ticker_converse.TestConverseDirective" name="test_bos_directive_grounded" time="5.908" /><testcase classname="tests.test_ticker_converse.TestConverseErrors" name="test_unknown_team_404" time="0.404" /><testcase classname="tests.test_ticker_converse.TestConverseWHL_REG" name="test_reg_conversation_grounded_no_players" time="4.957" /><testcase classname="tests.test_ticker_converse.TestConverseDirective" name="test_whl_reg_directive_grounded_no_players" time="5.496" /><testcase classname="tests.test_ticker_converse.TestConverseFollowFlow" name="test_bos_follow_pastrnak_flow" time="8.239" /><testcase classname="tests.test_ticker_converse.TestConverseNHL_BOS" name="test_bos_conversation_grounded" time="5.229" /></testsuite></testsuites>