<?xml version="1.0" encoding="utf-8"?><testsuites name="pytest tests"><testsuite name="pytest" errors="0" failures="0" skipped="0" tests="11" time="4.093" timestamp="2026-09-14T23:28:41.982337+00:00" hostname="agent-env-346a44f5-4158-408f-bc58-cb6ed9001fbb"><testcase classname="tests.test_reels_surface.TestReelsBrowse" name="test_reels_nhl" time="0.735" /><testcase classname="tests.test_reels_surface.TestReelsSearch" name="test_silvertips_whl_league" time="1.034" /><testcase classname="tests.test_reels_surface.TestReelsBrowse" name="test_reels_whl" time="0.580" /><testcase classname="tests.test_reels_surface.TestReelsSearch" name="test_silvertips_nhl_league_empty" time="0.175" /><testcase classname="tests.test_reels_surface.TestReelsSearch" name="test_silvertips_nhl_all_scope_finds_whl" time="2.405" /><testcase classname="tests.test_reels_surface.TestReelsBrowse" name="test_reels_ncaa" time="1.210" /><testcase classname="tests.test_reels_surface.TestRegression" name="test_search_montreal" time="0.290" /><testcase classname="tests.test_reels_surface.TestRegression" name="test_highlights" time="0.076" /><testcase classname="tests.test_reels_surface.TestRegression" name="test_nhl_standings" time="0.283" /><testcase classname="tests.test_reels_surface.TestReelsSearch" name="test_ncaa_goals_category_search" time="0.074" /><testcase classname="tests.test_reels_surface.TestReelsSearch" name="test_short_query_empty_no_error" time="0.064" /></testsuite></testsuites>