<?xml version="1.0" encoding="utf-8"?><testsuites name="pytest tests"><testsuite name="pytest" errors="0" failures="0" skipped="0" tests="12" time="5.102" timestamp="2026-09-10T20:10:47.443041+00:00" hostname="agent-env-c6a21163-d7f9-422a-a342-251a2981c26e"><testcase classname="tests.test_onboarding_search.TestRegression" name="test_leagues_lists_nhl" time="0.348" /><testcase classname="tests.test_onboarding_search.TestUniversalSearch" name="test_search_empty_string_returns_empty" time="0.341" /><testcase classname="tests.test_onboarding_search.TestUniversalSearch" name="test_search_single_char_returns_empty" time="0.081" /><testcase classname="tests.test_onboarding_search.TestRegression" name="test_nhl_home_200" time="3.934" /><testcase classname="tests.test_onboarding_search.TestUniversalSearch" name="test_search_bedard_returns_player" time="0.359" /><testcase classname="tests.test_onboarding_search.TestUniversalSearch" name="test_search_canadiens_returns_team_mtl" time="0.175" /><testcase classname="tests.test_onboarding_search.TestUniversalSearch" name="test_search_edmonton_returns_team_edm" time="0.267" /><testcase classname="tests.test_onboarding_search.TestUniversalSearch" name="test_search_kamloops_returns_empty_honest" time="0.218" /><testcase classname="tests.test_onboarding_search.TestUniversalSearch" name="test_search_swiss_returns_empty_honest" time="0.285" /><testcase classname="tests.test_onboarding_search.TestRegression" name="test_nhl_scoreboard_200" time="0.198" /><testcase classname="tests.test_onboarding_search.TestRegression" name="test_nhl_standings_shape" time="0.220" /><testcase classname="tests.test_onboarding_search.TestRegression" name="test_no_bare_segment_route" time="0.091" /></testsuite></testsuites>